<?xml version="1.0" encoding="UTF-8"?>
<testng-results ignored="0" total="1" passed="1" failed="0" skipped="0">
  <reporter-output>
  </reporter-output>
  <suite started-at="2025-01-20T07:45:33Z" name="Default suite" finished-at="2025-01-20T07:46:35Z" duration-ms="61484">
    <groups>
    </groups>
    <test started-at="2025-01-20T07:45:33Z" name="Default test" finished-at="2025-01-20T07:46:35Z" duration-ms="61484">
      <class name="tests.ElementsTest">
        <test-method is-config="true" signature="setUp()[pri:0, instance:tests.ElementsTest@15bb6bea]" started-at="2025-01-20T13:15:33Z" name="setUp" finished-at="2025-01-20T13:16:31Z" duration-ms="57659" status="PASS">
          <reporter-output>
          </reporter-output>
        </test-method> <!-- setUp -->
        <test-method signature="openHomePage()[pri:0, instance:tests.ElementsTest@15bb6bea]" started-at="2025-01-20T13:16:31Z" name="openHomePage" finished-at="2025-01-20T13:16:35Z" duration-ms="3632" status="PASS">
          <reporter-output>
          </reporter-output>
        </test-method> <!-- openHomePage -->
        <test-method is-config="true" signature="tearDown()[pri:0, instance:tests.ElementsTest@15bb6bea]" started-at="2025-01-20T13:16:35Z" name="tearDown" finished-at="2025-01-20T13:16:35Z" duration-ms="187" status="PASS">
          <reporter-output>
          </reporter-output>
        </test-method> <!-- tearDown -->
      </class> <!-- tests.ElementsTest -->
    </test> <!-- Default test -->
  </suite> <!-- Default suite -->
</testng-results>
