<?xml version="1.0" encoding="UTF-8"?>
<testng-results ignored="0" total="1" passed="1" failed="0" skipped="0">
  <reporter-output>
  </reporter-output>
  <suite started-at="2025-12-02T16:10:10 IST" name="Surefire suite" finished-at="2025-12-02T16:10:18 IST" duration-ms="7469">
    <groups>
    </groups>
    <test started-at="2025-12-02T16:10:10 IST" name="Surefire test" finished-at="2025-12-02T16:10:18 IST" duration-ms="7469">
      <class name="tests.ElementsTest">
        <test-method is-config="true" signature="setUp()[pri:0, instance:tests.ElementsTest@971d0d8]" started-at="2025-12-02T16:10:10 IST" name="setUp" finished-at="2025-12-02T16:10:18 IST" duration-ms="7367" status="PASS">
          <reporter-output>
          </reporter-output>
        </test-method> <!-- setUp -->
        <test-method signature="openHomePage()[pri:0, instance:tests.ElementsTest@971d0d8]" started-at="2025-12-02T16:10:18 IST" name="openHomePage" finished-at="2025-12-02T16:10:18 IST" duration-ms="6" status="PASS">
          <reporter-output>
          </reporter-output>
        </test-method> <!-- openHomePage -->
        <test-method is-config="true" signature="tearDown()[pri:0, instance:tests.ElementsTest@971d0d8]" started-at="2025-12-02T16:10:18 IST" name="tearDown" finished-at="2025-12-02T16:10:18 IST" duration-ms="89" status="PASS">
          <reporter-output>
          </reporter-output>
        </test-method> <!-- tearDown -->
      </class> <!-- tests.ElementsTest -->
    </test> <!-- Surefire test -->
  </suite> <!-- Surefire suite -->
</testng-results>
